2025-06-11T23:16:56: Warning: Custom scraper not available: No module named 'enhanced_twitter_scraper'
2025-06-11T23:16:56: Using fallback mode with mock data
2025-06-11T23:16:56: Using fallback storage (SQLite only)
2025-06-11T23:16:56: 
2025-06-11T23:16:56: Received signal 15
2025-06-12T01:41:54: ❌ Custom scraper not available: No module named 'proxy_twitter_miner'
2025-06-12T01:41:54: ❌ FALLING BACK TO MOCK DATA - FIX IMPORT ISSUES!
2025-06-12T01:41:55: ❌ Custom scraper not available: No module named 'proxy_twitter_miner'
2025-06-12T01:41:55: ❌ FALLING BACK TO MOCK DATA - FIX IMPORT ISSUES!
2025-06-12T01:41:55: ❌ Custom scraper not available: No module named 'proxy_twitter_miner'
2025-06-12T01:41:55: ❌ FALLING BACK TO MOCK DATA - FIX IMPORT ISSUES!
2025-06-12T01:41:55: ❌ Custom scraper not available: No module named 'proxy_twitter_miner'
2025-06-12T01:41:55: ❌ FALLING BACK TO MOCK DATA - FIX IMPORT ISSUES!
2025-06-12T01:41:55: ❌ Custom scraper not available: No module named 'proxy_twitter_miner'
2025-06-12T01:41:55: ❌ FALLING BACK TO MOCK DATA - FIX IMPORT ISSUES!
2025-06-12T01:41:55: ❌ Custom scraper not available: No module named 'proxy_twitter_miner'
2025-06-12T01:41:55: ❌ FALLING BACK TO MOCK DATA - FIX IMPORT ISSUES!
2025-06-12T01:41:55: ❌ Custom scraper not available: No module named 'proxy_twitter_miner'
2025-06-12T01:41:55: ❌ FALLING BACK TO MOCK DATA - FIX IMPORT ISSUES!
2025-06-12T01:41:55: ❌ Custom scraper not available: No module named 'proxy_twitter_miner'
2025-06-12T01:41:55: ❌ FALLING BACK TO MOCK DATA - FIX IMPORT ISSUES!
2025-06-12T01:41:55: ❌ Custom scraper not available: No module named 'proxy_twitter_miner'
2025-06-12T01:41:55: ❌ FALLING BACK TO MOCK DATA - FIX IMPORT ISSUES!
2025-06-12T01:41:56: ❌ Custom scraper not available: No module named 'proxy_twitter_miner'
2025-06-12T01:41:56: ❌ FALLING BACK TO MOCK DATA - FIX IMPORT ISSUES!
2025-06-12T01:41:56: ❌ Custom scraper not available: No module named 'proxy_twitter_miner'
2025-06-12T01:41:56: ❌ FALLING BACK TO MOCK DATA - FIX IMPORT ISSUES!
2025-06-12T01:41:56: ❌ Custom scraper not available: No module named 'proxy_twitter_miner'
2025-06-12T01:41:56: ❌ FALLING BACK TO MOCK DATA - FIX IMPORT ISSUES!
2025-06-12T01:41:56: ❌ Custom scraper not available: No module named 'proxy_twitter_miner'
2025-06-12T01:41:56: ❌ FALLING BACK TO MOCK DATA - FIX IMPORT ISSUES!
2025-06-12T01:41:56: ❌ Custom scraper not available: No module named 'proxy_twitter_miner'
2025-06-12T01:41:56: ❌ FALLING BACK TO MOCK DATA - FIX IMPORT ISSUES!
2025-06-12T01:41:56: ❌ Custom scraper not available: No module named 'proxy_twitter_miner'
2025-06-12T01:41:56: ❌ FALLING BACK TO MOCK DATA - FIX IMPORT ISSUES!
2025-06-12T01:41:56: ❌ Custom scraper not available: No module named 'proxy_twitter_miner'
2025-06-12T01:41:56: ❌ FALLING BACK TO MOCK DATA - FIX IMPORT ISSUES!
